<?xml version="1.0" encoding="UTF-8"?>
<!-- Generated by org.testng.reporters.JUnitXMLReporter -->
<testsuite ignored="0" hostname="DESKTOP-MB9FBLQ" failures="0" tests="3" name="Test" time="115.282" errors="0" timestamp="2023-03-31T19:10:16 EDT">
  <testcase classname="scoreAppTest.TeamStatsTest" name="ValidateTeamStats" time="12.901"/>
  <testcase classname="scoreAppTest.TeamStatsTest" name="ValidateTeamStats" time="13.944"/>
  <testcase classname="scoreAppTest.TeamStatsTest" name="ValidateTeamStats" time="15.79"/>
</testsuite> <!-- Test -->
