<?xml version="1.0" encoding="UTF-8"?>
<!-- Generated by org.testng.reporters.JUnitXMLReporter -->
<testsuite ignored="0" hostname="DESKTOP-MB9FBLQ" failures="0" tests="3" name="Test" time="111.488" errors="0" timestamp="2023-03-30T19:09:45 EDT">
  <testcase classname="scoreAppTest.TeamStatsTest" name="ValidateTeamStats" time="14.668"/>
  <testcase classname="scoreAppTest.TeamStatsTest" name="ValidateTeamStats" time="12.458"/>
  <testcase classname="scoreAppTest.TeamStatsTest" name="ValidateTeamStats" time="13.295"/>
</testsuite> <!-- Test -->
