<?xml version="1.0" encoding="UTF-8"?>
<testng-results ignored="0" total="3" passed="3" failed="0" skipped="0">
  <reporter-output>
  </reporter-output>
  <suite started-at="2023-03-30T19:07:53 EDT" name="Suite" finished-at="2023-03-30T19:09:45 EDT" duration-ms="111488">
    <groups>
    </groups>
    <test started-at="2023-03-30T19:07:53 EDT" name="Test" finished-at="2023-03-30T19:09:45 EDT" duration-ms="111488">
      <class name="scoreAppTest.TeamStatsTest">
        <test-method is-config="true" signature="setup(java.lang.String,java.lang.String,java.lang.String,java.lang.String,java.lang.String,java.lang.String)[pri:0, instance:scoreAppTest.TeamStatsTest@55b7a4e0]" started-at="2023-03-30T19:07:54 EDT" name="setup" finished-at="2023-03-30T19:08:16 EDT" duration-ms="22464" status="PASS">
          <params>
            <param index="0">
              <value>
                <![CDATA[Android]]>
              </value>
            </param>
            <param index="1">
              <value>
                <![CDATA[10]]>
              </value>
            </param>
            <param index="2">
              <value>
                <![CDATA[Pixel-6]]>
              </value>
            </param>
            <param index="3">
              <value>
                <![CDATA[4723]]>
              </value>
            </param>
            <param index="4">
              <value>
                <![CDATA[http://127.0.0.1]]>
              </value>
            </param>
            <param index="5">
              <value>
                <![CDATA[/wd/hub/]]>
              </value>
            </param>
          </params>
          <reporter-output>
          </reporter-output>
        </test-method> <!-- setup -->
        <test-method signature="ValidateTeamStats(dataobjects.Team)[pri:0, instance:scoreAppTest.TeamStatsTest@55b7a4e0]" started-at="2023-03-30T19:08:16 EDT" name="ValidateTeamStats" data-provider="teamsData" finished-at="2023-03-30T19:08:31 EDT" duration-ms="14668" status="PASS">
          <params>
            <param index="0">
              <value>
                <![CDATA[dataobjects.Team@55caeb35]]>
              </value>
            </param>
          </params>
          <reporter-output>
          </reporter-output>
        </test-method> <!-- ValidateTeamStats -->
        <test-method is-config="true" signature="tearDown()[pri:0, instance:scoreAppTest.TeamStatsTest@55b7a4e0]" started-at="2023-03-30T19:08:31 EDT" name="tearDown" finished-at="2023-03-30T19:08:31 EDT" duration-ms="617" status="PASS">
          <reporter-output>
          </reporter-output>
        </test-method> <!-- tearDown -->
        <test-method is-config="true" signature="setup(java.lang.String,java.lang.String,java.lang.String,java.lang.String,java.lang.String,java.lang.String)[pri:0, instance:scoreAppTest.TeamStatsTest@55b7a4e0]" started-at="2023-03-30T19:08:31 EDT" name="setup" finished-at="2023-03-30T19:08:54 EDT" duration-ms="22725" status="PASS">
          <params>
            <param index="0">
              <value>
                <![CDATA[Android]]>
              </value>
            </param>
            <param index="1">
              <value>
                <![CDATA[10]]>
              </value>
            </param>
            <param index="2">
              <value>
                <![CDATA[Pixel-6]]>
              </value>
            </param>
            <param index="3">
              <value>
                <![CDATA[4723]]>
              </value>
            </param>
            <param index="4">
              <value>
                <![CDATA[http://127.0.0.1]]>
              </value>
            </param>
            <param index="5">
              <value>
                <![CDATA[/wd/hub/]]>
              </value>
            </param>
          </params>
          <reporter-output>
          </reporter-output>
        </test-method> <!-- setup -->
        <test-method signature="ValidateTeamStats(dataobjects.Team)[pri:0, instance:scoreAppTest.TeamStatsTest@55b7a4e0]" started-at="2023-03-30T19:08:54 EDT" name="ValidateTeamStats" data-provider="teamsData" finished-at="2023-03-30T19:09:07 EDT" duration-ms="12458" status="PASS">
          <params>
            <param index="0">
              <value>
                <![CDATA[dataobjects.Team@6a2eea2a]]>
              </value>
            </param>
          </params>
          <reporter-output>
          </reporter-output>
        </test-method> <!-- ValidateTeamStats -->
        <test-method is-config="true" signature="tearDown()[pri:0, instance:scoreAppTest.TeamStatsTest@55b7a4e0]" started-at="2023-03-30T19:09:07 EDT" name="tearDown" finished-at="2023-03-30T19:09:07 EDT" duration-ms="494" status="PASS">
          <reporter-output>
          </reporter-output>
        </test-method> <!-- tearDown -->
        <test-method is-config="true" signature="setup(java.lang.String,java.lang.String,java.lang.String,java.lang.String,java.lang.String,java.lang.String)[pri:0, instance:scoreAppTest.TeamStatsTest@55b7a4e0]" started-at="2023-03-30T19:09:07 EDT" name="setup" finished-at="2023-03-30T19:09:31 EDT" duration-ms="23981" status="PASS">
          <params>
            <param index="0">
              <value>
                <![CDATA[Android]]>
              </value>
            </param>
            <param index="1">
              <value>
                <![CDATA[10]]>
              </value>
            </param>
            <param index="2">
              <value>
                <![CDATA[Pixel-6]]>
              </value>
            </param>
            <param index="3">
              <value>
                <![CDATA[4723]]>
              </value>
            </param>
            <param index="4">
              <value>
                <![CDATA[http://127.0.0.1]]>
              </value>
            </param>
            <param index="5">
              <value>
                <![CDATA[/wd/hub/]]>
              </value>
            </param>
          </params>
          <reporter-output>
          </reporter-output>
        </test-method> <!-- setup -->
        <test-method signature="ValidateTeamStats(dataobjects.Team)[pri:0, instance:scoreAppTest.TeamStatsTest@55b7a4e0]" started-at="2023-03-30T19:09:31 EDT" name="ValidateTeamStats" data-provider="teamsData" finished-at="2023-03-30T19:09:44 EDT" duration-ms="13295" status="PASS">
          <params>
            <param index="0">
              <value>
                <![CDATA[dataobjects.Team@42d73c61]]>
              </value>
            </param>
          </params>
          <reporter-output>
          </reporter-output>
        </test-method> <!-- ValidateTeamStats -->
        <test-method is-config="true" signature="tearDown()[pri:0, instance:scoreAppTest.TeamStatsTest@55b7a4e0]" started-at="2023-03-30T19:09:44 EDT" name="tearDown" finished-at="2023-03-30T19:09:45 EDT" duration-ms="571" status="PASS">
          <reporter-output>
          </reporter-output>
        </test-method> <!-- tearDown -->
      </class> <!-- scoreAppTest.TeamStatsTest -->
    </test> <!-- Test -->
  </suite> <!-- Suite -->
</testng-results>
