<?xml version="1.0" encoding="UTF-8"?>
<testsuite xmlns:xsi="http://www.w3.org/2001/XMLSchema-instance" xsi:noNamespaceSchemaLocation="https://maven.apache.org/surefire/maven-surefire-plugin/xsd/surefire-test-report-3.0.xsd" version="3.0" name="TestSuite" time="112.025" tests="3" errors="0" skipped="0" failures="0">
  <properties>
[...]
</properties>
  <testcase name="ValidateTeamStats[dataobjects.Team@55caeb35](1)" classname="scoreAppTest.TeamStatsTest" time="14.669">
    <system-out><![CDATA[INFO: App started. Lets navigate to main screen
INFO: Validate team stats for - Golden State Warriors
TEST PASSED
]]></system-out>
    <system-err><![CDATA[SLF4J: Failed to load class "org.slf4j.impl.StaticLoggerBinder".
SLF4J: Defaulting to no-operation (NOP) logger implementation
SLF4J: See http://www.slf4j.org/codes.html#StaticLoggerBinder for further details.
Mar 30, 2023 7:08:02 PM io.appium.java_client.remote.AppiumCommandExecutor$1 lambda$0
INFO: Detected dialect: W3C
]]></system-err>
  </testcase>
  <testcase name="ValidateTeamStats[dataobjects.Team@6a2eea2a](2)" classname="scoreAppTest.TeamStatsTest" time="12.458">
    <system-out><![CDATA[INFO: App started. Lets navigate to main screen
INFO: Validate team stats for - Toronto Maple Leafs
TEST PASSED
]]></system-out>
    <system-err><![CDATA[Mar 30, 2023 7:08:39 PM io.appium.java_client.remote.AppiumCommandExecutor$1 lambda$0
INFO: Detected dialect: W3C
]]></system-err>
  </testcase>
  <testcase name="ValidateTeamStats[dataobjects.Team@42d73c61](3)" classname="scoreAppTest.TeamStatsTest" time="13.297">
    <system-out><![CDATA[INFO: App started. Lets navigate to main screen
INFO: Validate team stats for - Montreal Canadiens
TEST PASSED
]]></system-out>
    <system-err><![CDATA[Mar 30, 2023 7:09:16 PM io.appium.java_client.remote.AppiumCommandExecutor$1 lambda$0
INFO: Detected dialect: W3C
]]></system-err>
  </testcase>
</testsuite>