<?xml version="1.0" encoding="UTF-8"?>
<testng-results ignored="0" total="3" passed="3" failed="0" skipped="0">
  <reporter-output>
  </reporter-output>
  <suite started-at="2023-03-31T19:08:21 EDT" name="Suite" finished-at="2023-03-31T19:10:16 EDT" duration-ms="115282">
    <groups>
    </groups>
    <test started-at="2023-03-31T19:08:21 EDT" name="Test" finished-at="2023-03-31T19:10:16 EDT" duration-ms="115282">
      <class name="scoreAppTest.TeamStatsTest">
        <test-method is-config="true" signature="setup(java.lang.String,java.lang.String,java.lang.String,java.lang.String,java.lang.String,java.lang.String)[pri:0, instance:scoreAppTest.TeamStatsTest@7b36aa0c]" started-at="2023-03-31T19:08:21 EDT" name="setup" finished-at="2023-03-31T19:08:46 EDT" duration-ms="24444" status="PASS">
          <params>
            <param index="0">
              <value>
                <![CDATA[Android]]>
              </value>
            </param>
            <param index="1">
              <value>
                <![CDATA[10]]>
              </value>
            </param>
            <param index="2">
              <value>
                <![CDATA[Pixel-6]]>
              </value>
            </param>
            <param index="3">
              <value>
                <![CDATA[4723]]>
              </value>
            </param>
            <param index="4">
              <value>
                <![CDATA[http://127.0.0.1]]>
              </value>
            </param>
            <param index="5">
              <value>
                <![CDATA[/wd/hub/]]>
              </value>
            </param>
          </params>
          <reporter-output>
          </reporter-output>
        </test-method> <!-- setup -->
        <test-method signature="ValidateTeamStats(dataobjects.Team)[pri:0, instance:scoreAppTest.TeamStatsTest@7b36aa0c]" started-at="2023-03-31T19:08:46 EDT" name="ValidateTeamStats" data-provider="teamsData" finished-at="2023-03-31T19:08:58 EDT" duration-ms="12901" status="PASS">
          <params>
            <param index="0">
              <value>
                <![CDATA[dataobjects.Team@c81fd12]]>
              </value>
            </param>
          </params>
          <reporter-output>
          </reporter-output>
        </test-method> <!-- ValidateTeamStats -->
        <test-method is-config="true" signature="tearDown()[pri:0, instance:scoreAppTest.TeamStatsTest@7b36aa0c]" started-at="2023-03-31T19:08:58 EDT" name="tearDown" finished-at="2023-03-31T19:08:59 EDT" duration-ms="520" status="PASS">
          <reporter-output>
          </reporter-output>
        </test-method> <!-- tearDown -->
        <test-method is-config="true" signature="setup(java.lang.String,java.lang.String,java.lang.String,java.lang.String,java.lang.String,java.lang.String)[pri:0, instance:scoreAppTest.TeamStatsTest@7b36aa0c]" started-at="2023-03-31T19:08:59 EDT" name="setup" finished-at="2023-03-31T19:09:22 EDT" duration-ms="22897" status="PASS">
          <params>
            <param index="0">
              <value>
                <![CDATA[Android]]>
              </value>
            </param>
            <param index="1">
              <value>
                <![CDATA[10]]>
              </value>
            </param>
            <param index="2">
              <value>
                <![CDATA[Pixel-6]]>
              </value>
            </param>
            <param index="3">
              <value>
                <![CDATA[4723]]>
              </value>
            </param>
            <param index="4">
              <value>
                <![CDATA[http://127.0.0.1]]>
              </value>
            </param>
            <param index="5">
              <value>
                <![CDATA[/wd/hub/]]>
              </value>
            </param>
          </params>
          <reporter-output>
          </reporter-output>
        </test-method> <!-- setup -->
        <test-method signature="ValidateTeamStats(dataobjects.Team)[pri:0, instance:scoreAppTest.TeamStatsTest@7b36aa0c]" started-at="2023-03-31T19:09:22 EDT" name="ValidateTeamStats" data-provider="teamsData" finished-at="2023-03-31T19:09:36 EDT" duration-ms="13944" status="PASS">
          <params>
            <param index="0">
              <value>
                <![CDATA[dataobjects.Team@28e19366]]>
              </value>
            </param>
          </params>
          <reporter-output>
          </reporter-output>
        </test-method> <!-- ValidateTeamStats -->
        <test-method is-config="true" signature="tearDown()[pri:0, instance:scoreAppTest.TeamStatsTest@7b36aa0c]" started-at="2023-03-31T19:09:36 EDT" name="tearDown" finished-at="2023-03-31T19:09:36 EDT" duration-ms="618" status="PASS">
          <reporter-output>
          </reporter-output>
        </test-method> <!-- tearDown -->
        <test-method is-config="true" signature="setup(java.lang.String,java.lang.String,java.lang.String,java.lang.String,java.lang.String,java.lang.String)[pri:0, instance:scoreAppTest.TeamStatsTest@7b36aa0c]" started-at="2023-03-31T19:09:36 EDT" name="setup" finished-at="2023-03-31T19:10:00 EDT" duration-ms="23328" status="PASS">
          <params>
            <param index="0">
              <value>
                <![CDATA[Android]]>
              </value>
            </param>
            <param index="1">
              <value>
                <![CDATA[10]]>
              </value>
            </param>
            <param index="2">
              <value>
                <![CDATA[Pixel-6]]>
              </value>
            </param>
            <param index="3">
              <value>
                <![CDATA[4723]]>
              </value>
            </param>
            <param index="4">
              <value>
                <![CDATA[http://127.0.0.1]]>
              </value>
            </param>
            <param index="5">
              <value>
                <![CDATA[/wd/hub/]]>
              </value>
            </param>
          </params>
          <reporter-output>
          </reporter-output>
        </test-method> <!-- setup -->
        <test-method signature="ValidateTeamStats(dataobjects.Team)[pri:0, instance:scoreAppTest.TeamStatsTest@7b36aa0c]" started-at="2023-03-31T19:10:00 EDT" name="ValidateTeamStats" data-provider="teamsData" finished-at="2023-03-31T19:10:16 EDT" duration-ms="15790" status="PASS">
          <params>
            <param index="0">
              <value>
                <![CDATA[dataobjects.Team@2127e66e]]>
              </value>
            </param>
          </params>
          <reporter-output>
          </reporter-output>
        </test-method> <!-- ValidateTeamStats -->
        <test-method is-config="true" signature="tearDown()[pri:0, instance:scoreAppTest.TeamStatsTest@7b36aa0c]" started-at="2023-03-31T19:10:16 EDT" name="tearDown" finished-at="2023-03-31T19:10:16 EDT" duration-ms="580" status="PASS">
          <reporter-output>
          </reporter-output>
        </test-method> <!-- tearDown -->
      </class> <!-- scoreAppTest.TeamStatsTest -->
    </test> <!-- Test -->
  </suite> <!-- Suite -->
</testng-results>
